<?xml version="1.0" encoding="UTF-8"?>
<!-- Generated by org.testng.reporters.JUnitReportReporter -->
<testsuite hostname="ATMECSINDT-034" failures="0" tests="1" name="com.atmecs.testscripts.CheckoutTest" time="87.561" errors="0" timestamp="2019-08-07T11:56:22 IST" skipped="0">
  <testcase classname="com.atmecs.testscripts.CheckoutTest" name="checkout" time="87.561"/>
</testsuite> <!-- com.atmecs.testscripts.CheckoutTest -->
