<?xml version="1.0" encoding="UTF-8"?>
<!-- Generated by org.testng.reporters.JUnitReportReporter -->
<testsuite hostname="ATMECSINDT-034" failures="0" tests="3" name="com.atmecs.testscripts.AddToCart" time="15.453" errors="0" timestamp="2019-08-25T20:13:03 IST" skipped="0">
  <testcase classname="com.atmecs.testscripts.AddToCart" name="selectProduct" time="6.543"/>
  <testcase classname="com.atmecs.testscripts.AddToCart" name="selectProduct" time="6.600"/>
  <testcase classname="com.atmecs.testscripts.AddToCart" name="removeProduct" time="2.310"/>
</testsuite> <!-- com.atmecs.testscripts.AddToCart -->
